{"uid":"5bd6cf19366ee435","name":"Authentication to api gatling","fullName":"Authentication to api gatling","historyId":"Authentication to api gatling","time":{"start":1686103083018,"stop":1686103084442,"duration":1424},"status":"failed","statusMessage":"  Expected: <empty>\r\n  But was:  \"eyJhbGciOiJIUzI1NiJ9.eyJzdWIiOiJhZG1pbiIsImlhdCI6MTY4NjEwMzA4NCwiZXhwIjoxNjg2MTA2Njg0fQ.Bfjv7cvY5vr7oUxx936sbbVI_i7SveO3jSN4Kvvp8vs\"\r\n","statusTrace":"NUnit.Framework.AssertionException:   Expected: <empty>\r\n  But was:  \"eyJhbGciOiJIUzI1NiJ9.eyJzdWIiOiJhZG1pbiIsImlhdCI6MTY4NjEwMzA4NCwiZXhwIjoxNjg2MTA2Njg0fQ.Bfjv7cvY5vr7oUxx936sbbVI_i7SveO3jSN4Kvvp8vs\"\r\n\r\n   at NUnit.Framework.Assert.ReportFailure(String message)\r\n   at NUnit.Framework.Assert.ReportFailure(ConstraintResult result, String message, Object[] args)\r\n   at NUnit.Framework.Assert.That[TActual](TActual actual, IResolveConstraint expression, String message, Object[] args)\r\n   at NUnit.Framework.Assert.IsEmpty(String aString)\r\n   at TestProject3.PostAuthenticationStepDefinition.GivenTheTokenWithAValidValue() in D:\\trainingMojix\\proyFinalBdd\\specflow\\TestProject3\\PostAuthenticationStepDefinition.cs:line 31\r\n   at TechTalk.SpecFlow.Bindings.BindingInvoker.InvokeBinding(IBinding binding, IContextManager contextManager, Object[] arguments, ITestTracer testTracer, TimeSpan& duration)\r\n   at Allure.SpecFlowPlugin.AllureBindingInvoker.InvokeBinding(IBinding binding, IContextManager contextManager, Object[] arguments, ITestTracer testTracer, TimeSpan& duration)\r\n   at TechTalk.SpecFlow.Infrastructure.TestExecutionEngine.ExecuteStepMatch(BindingMatch match, Object[] arguments, TimeSpan& duration)\r\n   at TechTalk.SpecFlow.Infrastructure.TestExecutionEngine.ExecuteStep(IContextManager contextManager, StepInstance stepInstance)","flaky":false,"newFailed":false,"newBroken":false,"newPassed":false,"retriesCount":0,"retriesStatusChange":false,"beforeStages":[],"testStage":{"status":"failed","statusMessage":"  Expected: <empty>\r\n  But was:  \"eyJhbGciOiJIUzI1NiJ9.eyJzdWIiOiJhZG1pbiIsImlhdCI6MTY4NjEwMzA4NCwiZXhwIjoxNjg2MTA2Njg0fQ.Bfjv7cvY5vr7oUxx936sbbVI_i7SveO3jSN4Kvvp8vs\"\r\n","statusTrace":"NUnit.Framework.AssertionException:   Expected: <empty>\r\n  But was:  \"eyJhbGciOiJIUzI1NiJ9.eyJzdWIiOiJhZG1pbiIsImlhdCI6MTY4NjEwMzA4NCwiZXhwIjoxNjg2MTA2Njg0fQ.Bfjv7cvY5vr7oUxx936sbbVI_i7SveO3jSN4Kvvp8vs\"\r\n\r\n   at NUnit.Framework.Assert.ReportFailure(String message)\r\n   at NUnit.Framework.Assert.ReportFailure(ConstraintResult result, String message, Object[] args)\r\n   at NUnit.Framework.Assert.That[TActual](TActual actual, IResolveConstraint expression, String message, Object[] args)\r\n   at NUnit.Framework.Assert.IsEmpty(String aString)\r\n   at TestProject3.PostAuthenticationStepDefinition.GivenTheTokenWithAValidValue() in D:\\trainingMojix\\proyFinalBdd\\specflow\\TestProject3\\PostAuthenticationStepDefinition.cs:line 31\r\n   at TechTalk.SpecFlow.Bindings.BindingInvoker.InvokeBinding(IBinding binding, IContextManager contextManager, Object[] arguments, ITestTracer testTracer, TimeSpan& duration)\r\n   at Allure.SpecFlowPlugin.AllureBindingInvoker.InvokeBinding(IBinding binding, IContextManager contextManager, Object[] arguments, ITestTracer testTracer, TimeSpan& duration)\r\n   at TechTalk.SpecFlow.Infrastructure.TestExecutionEngine.ExecuteStepMatch(BindingMatch match, Object[] arguments, TimeSpan& duration)\r\n   at TechTalk.SpecFlow.Infrastructure.TestExecutionEngine.ExecuteStep(IContextManager contextManager, StepInstance stepInstance)","steps":[{"name":"Given  the user password","time":{"start":1686103083024,"stop":1686103084394,"duration":1370},"status":"passed","steps":[],"attachments":[],"parameters":[],"stepsCount":0,"attachmentsCount":0,"shouldDisplayMessage":false,"hasContent":false},{"name":"And  the token with a valid value","time":{"start":1686103084395,"stop":1686103084432,"duration":37},"status":"failed","steps":[],"attachments":[],"parameters":[],"stepsCount":0,"attachmentsCount":0,"shouldDisplayMessage":false,"hasContent":false},{"name":"Then  the result status code should be 200","time":{"start":1686103084433,"stop":1686103084437,"duration":4},"status":"skipped","steps":[],"attachments":[],"parameters":[],"stepsCount":0,"attachmentsCount":0,"shouldDisplayMessage":false,"hasContent":false}],"attachments":[],"parameters":[],"stepsCount":3,"attachmentsCount":0,"shouldDisplayMessage":true,"hasContent":true},"afterStages":[],"labels":[{"name":"thread","value":"NonParallelWorker"},{"name":"host","value":"DESKTOP-QBK7PEV"},{"name":"feature","value":"PostAuthenticationTest"},{"name":"tag","value":"positive"},{"name":"tag","value":"smoke"},{"name":"tag","value":"regression"},{"name":"tag","value":"integration"},{"name":"tag","value":"JIRA-0"},{"name":"resultFormat","value":"allure2"}],"parameters":[],"links":[],"hidden":true,"retry":true,"extra":{"categories":[],"tags":["JIRA-0","regression","smoke","integration","positive"]},"source":"5bd6cf19366ee435.json","parameterValues":[]}