{"uid":"5ceb99035250bd27","name":"Add a new product","fullName":"Add a new product","historyId":"Add a new product","time":{"start":1686103322053,"stop":1686103369888,"duration":47835},"status":"failed","statusMessage":"  Expected: OK\r\n  But was:  BadRequest\r\n","statusTrace":"NUnit.Framework.AssertionException:   Expected: OK\r\n  But was:  BadRequest\r\n\r\n   at NUnit.Framework.Assert.ReportFailure(String message)\r\n   at NUnit.Framework.Assert.ReportFailure(ConstraintResult result, String message, Object[] args)\r\n   at NUnit.Framework.Assert.That[TActual](TActual actual, IResolveConstraint expression, String message, Object[] args)\r\n   at NUnit.Framework.Assert.That[TActual](TActual actual, IResolveConstraint expression)\r\n   at TestProject3.ProductStepDefinition.ThenThenTheResultStatusCodeShouldBe(Int32 p0) in D:\\trainingMojix\\proyFinalBdd\\specflow\\TestProject3\\ProductStepDefinition.cs:line 35\r\n   at lambda_method31(Closure , IContextManager , Int32 )\r\n   at TechTalk.SpecFlow.Bindings.BindingInvoker.InvokeBinding(IBinding binding, IContextManager contextManager, Object[] arguments, ITestTracer testTracer, TimeSpan& duration)\r\n   at Allure.SpecFlowPlugin.AllureBindingInvoker.InvokeBinding(IBinding binding, IContextManager contextManager, Object[] arguments, ITestTracer testTracer, TimeSpan& duration)\r\n   at TechTalk.SpecFlow.Infrastructure.TestExecutionEngine.ExecuteStepMatch(BindingMatch match, Object[] arguments, TimeSpan& duration)\r\n   at TechTalk.SpecFlow.Infrastructure.TestExecutionEngine.ExecuteStep(IContextManager contextManager, StepInstance stepInstance)","flaky":false,"newFailed":false,"newBroken":false,"newPassed":false,"retriesCount":0,"retriesStatusChange":false,"beforeStages":[],"testStage":{"status":"failed","statusMessage":"  Expected: OK\r\n  But was:  BadRequest\r\n","statusTrace":"NUnit.Framework.AssertionException:   Expected: OK\r\n  But was:  BadRequest\r\n\r\n   at NUnit.Framework.Assert.ReportFailure(String message)\r\n   at NUnit.Framework.Assert.ReportFailure(ConstraintResult result, String message, Object[] args)\r\n   at NUnit.Framework.Assert.That[TActual](TActual actual, IResolveConstraint expression, String message, Object[] args)\r\n   at NUnit.Framework.Assert.That[TActual](TActual actual, IResolveConstraint expression)\r\n   at TestProject3.ProductStepDefinition.ThenThenTheResultStatusCodeShouldBe(Int32 p0) in D:\\trainingMojix\\proyFinalBdd\\specflow\\TestProject3\\ProductStepDefinition.cs:line 35\r\n   at lambda_method31(Closure , IContextManager , Int32 )\r\n   at TechTalk.SpecFlow.Bindings.BindingInvoker.InvokeBinding(IBinding binding, IContextManager contextManager, Object[] arguments, ITestTracer testTracer, TimeSpan& duration)\r\n   at Allure.SpecFlowPlugin.AllureBindingInvoker.InvokeBinding(IBinding binding, IContextManager contextManager, Object[] arguments, ITestTracer testTracer, TimeSpan& duration)\r\n   at TechTalk.SpecFlow.Infrastructure.TestExecutionEngine.ExecuteStepMatch(BindingMatch match, Object[] arguments, TimeSpan& duration)\r\n   at TechTalk.SpecFlow.Infrastructure.TestExecutionEngine.ExecuteStep(IContextManager contextManager, StepInstance stepInstance)","steps":[{"name":"Given  the user password","time":{"start":1686103322068,"stop":1686103323485,"duration":1417},"status":"passed","steps":[],"attachments":[],"parameters":[],"stepsCount":0,"attachmentsCount":0,"shouldDisplayMessage":false,"hasContent":false},{"name":"And  the token with a valid value","time":{"start":1686103323487,"stop":1686103323497,"duration":10},"status":"passed","steps":[],"attachments":[],"parameters":[],"stepsCount":0,"attachmentsCount":0,"shouldDisplayMessage":false,"hasContent":false},{"name":"Then  the result status code should be 200","time":{"start":1686103323497,"stop":1686103323514,"duration":17},"status":"passed","steps":[],"attachments":[],"parameters":[],"stepsCount":0,"attachmentsCount":0,"shouldDisplayMessage":false,"hasContent":false},{"name":"And  the user creates a new product with the following information","time":{"start":1686103323519,"stop":1686103361792,"duration":38273},"status":"passed","steps":[],"attachments":[{"uid":"3b8cc2a661f475dd","name":"table","source":"3b8cc2a661f475dd.csv","type":"text/csv","size":95}],"parameters":[],"stepsCount":0,"attachmentsCount":1,"shouldDisplayMessage":false,"hasContent":true},{"name":"Then  Then the result status code should be 200","time":{"start":1686103361792,"stop":1686103367598,"duration":5806},"status":"failed","steps":[],"attachments":[],"parameters":[],"stepsCount":0,"attachmentsCount":0,"shouldDisplayMessage":false,"hasContent":false},{"name":"And  The user sees the proper product information created","time":{"start":1686103367600,"stop":1686103367601,"duration":1},"status":"skipped","steps":[],"attachments":[],"parameters":[],"stepsCount":0,"attachmentsCount":0,"shouldDisplayMessage":false,"hasContent":false}],"attachments":[],"parameters":[],"stepsCount":6,"attachmentsCount":1,"shouldDisplayMessage":true,"hasContent":true},"afterStages":[],"labels":[{"name":"thread","value":"13"},{"name":"host","value":"DESKTOP-QBK7PEV"},{"name":"feature","value":"CreateProductTest"},{"name":"tag","value":"positive"},{"name":"tag","value":"smoke"},{"name":"tag","value":"regression"},{"name":"tag","value":"integration"},{"name":"tag","value":"JIRA-1"},{"name":"resultFormat","value":"allure2"}],"parameters":[],"links":[],"hidden":true,"retry":true,"extra":{"categories":[],"tags":["JIRA-1","regression","smoke","integration","positive"]},"source":"5ceb99035250bd27.json","parameterValues":[]}