{"uid":"79c7d41e07a68ba0","name":"Authentication to api gatling","fullName":"Authentication to api gatling","historyId":"Authentication to api gatling","time":{"start":1686100356124,"stop":1686100356894,"duration":770},"status":"failed","statusMessage":"  Expected: <System.ArgumentException>\r\n  But was:  null\r\n","statusTrace":"NUnit.Framework.AssertionException:   Expected: <System.ArgumentException>\r\n  But was:  null\r\n\r\n   at NUnit.Framework.Assert.ReportFailure(String message)\r\n   at NUnit.Framework.Assert.ReportFailure(ConstraintResult result, String message, Object[] args)\r\n   at NUnit.Framework.Assert.That[TActual](TActual actual, IResolveConstraint expression, String message, Object[] args)\r\n   at NUnit.Framework.Assert.Throws(IResolveConstraint expression, TestDelegate code, String message, Object[] args)\r\n   at NUnit.Framework.Assert.Throws(Type expectedExceptionType, TestDelegate code, String message, Object[] args)\r\n   at NUnit.Framework.Assert.Throws[TActual](TestDelegate code, String message, Object[] args)\r\n   at NUnit.Framework.Assert.Throws[TActual](TestDelegate code)\r\n   at TestProject3.PostAuthenticationStepDefinition.GivenTheTokenWithAValidValue() in D:\\trainingMojix\\proyFinalBdd\\specflow\\TestProject3\\PostAuthenticationStepDefinition.cs:line 31\r\n   at TechTalk.SpecFlow.Bindings.BindingInvoker.InvokeBinding(IBinding binding, IContextManager contextManager, Object[] arguments, ITestTracer testTracer, TimeSpan& duration)\r\n   at Allure.SpecFlowPlugin.AllureBindingInvoker.InvokeBinding(IBinding binding, IContextManager contextManager, Object[] arguments, ITestTracer testTracer, TimeSpan& duration)\r\n   at TechTalk.SpecFlow.Infrastructure.TestExecutionEngine.ExecuteStepMatch(BindingMatch match, Object[] arguments, TimeSpan& duration)\r\n   at TechTalk.SpecFlow.Infrastructure.TestExecutionEngine.ExecuteStep(IContextManager contextManager, StepInstance stepInstance)","flaky":false,"newFailed":false,"newBroken":false,"newPassed":false,"retriesCount":0,"retriesStatusChange":false,"beforeStages":[],"testStage":{"status":"failed","statusMessage":"  Expected: <System.ArgumentException>\r\n  But was:  null\r\n","statusTrace":"NUnit.Framework.AssertionException:   Expected: <System.ArgumentException>\r\n  But was:  null\r\n\r\n   at NUnit.Framework.Assert.ReportFailure(String message)\r\n   at NUnit.Framework.Assert.ReportFailure(ConstraintResult result, String message, Object[] args)\r\n   at NUnit.Framework.Assert.That[TActual](TActual actual, IResolveConstraint expression, String message, Object[] args)\r\n   at NUnit.Framework.Assert.Throws(IResolveConstraint expression, TestDelegate code, String message, Object[] args)\r\n   at NUnit.Framework.Assert.Throws(Type expectedExceptionType, TestDelegate code, String message, Object[] args)\r\n   at NUnit.Framework.Assert.Throws[TActual](TestDelegate code, String message, Object[] args)\r\n   at NUnit.Framework.Assert.Throws[TActual](TestDelegate code)\r\n   at TestProject3.PostAuthenticationStepDefinition.GivenTheTokenWithAValidValue() in D:\\trainingMojix\\proyFinalBdd\\specflow\\TestProject3\\PostAuthenticationStepDefinition.cs:line 31\r\n   at TechTalk.SpecFlow.Bindings.BindingInvoker.InvokeBinding(IBinding binding, IContextManager contextManager, Object[] arguments, ITestTracer testTracer, TimeSpan& duration)\r\n   at Allure.SpecFlowPlugin.AllureBindingInvoker.InvokeBinding(IBinding binding, IContextManager contextManager, Object[] arguments, ITestTracer testTracer, TimeSpan& duration)\r\n   at TechTalk.SpecFlow.Infrastructure.TestExecutionEngine.ExecuteStepMatch(BindingMatch match, Object[] arguments, TimeSpan& duration)\r\n   at TechTalk.SpecFlow.Infrastructure.TestExecutionEngine.ExecuteStep(IContextManager contextManager, StepInstance stepInstance)","steps":[{"name":"Given  the user password","time":{"start":1686100356131,"stop":1686100356845,"duration":714},"status":"passed","steps":[],"attachments":[],"parameters":[],"stepsCount":0,"attachmentsCount":0,"shouldDisplayMessage":false,"hasContent":false},{"name":"And  the token with a valid value","time":{"start":1686100356846,"stop":1686100356886,"duration":40},"status":"failed","steps":[],"attachments":[],"parameters":[],"stepsCount":0,"attachmentsCount":0,"shouldDisplayMessage":false,"hasContent":false},{"name":"Then  the result status code should be 200","time":{"start":1686100356887,"stop":1686100356890,"duration":3},"status":"skipped","steps":[],"attachments":[],"parameters":[],"stepsCount":0,"attachmentsCount":0,"shouldDisplayMessage":false,"hasContent":false}],"attachments":[],"parameters":[],"stepsCount":3,"attachmentsCount":0,"shouldDisplayMessage":true,"hasContent":true},"afterStages":[],"labels":[{"name":"thread","value":"NonParallelWorker"},{"name":"host","value":"DESKTOP-QBK7PEV"},{"name":"feature","value":"PostAuthenticationTest"},{"name":"tag","value":"positive"},{"name":"tag","value":"smoke"},{"name":"tag","value":"regression"},{"name":"tag","value":"integration"},{"name":"tag","value":"JIRA-0"},{"name":"resultFormat","value":"allure2"}],"parameters":[],"links":[],"hidden":true,"retry":true,"extra":{"categories":[],"tags":["JIRA-0","regression","smoke","integration","positive"]},"source":"79c7d41e07a68ba0.json","parameterValues":[]}