{"uid":"94211667facbf36e","name":"Add a new product","fullName":"Add a new product","historyId":"Add a new product","time":{"start":1686102950510,"stop":1686102952236,"duration":1726},"status":"failed","statusMessage":"  Expected: <System.ArgumentException>\r\n  But was:  null\r\n","statusTrace":"NUnit.Framework.AssertionException:   Expected: <System.ArgumentException>\r\n  But was:  null\r\n\r\n   at NUnit.Framework.Assert.ReportFailure(String message)\r\n   at NUnit.Framework.Assert.ReportFailure(ConstraintResult result, String message, Object[] args)\r\n   at NUnit.Framework.Assert.That[TActual](TActual actual, IResolveConstraint expression, String message, Object[] args)\r\n   at NUnit.Framework.Assert.Throws(IResolveConstraint expression, TestDelegate code, String message, Object[] args)\r\n   at NUnit.Framework.Assert.Throws(Type expectedExceptionType, TestDelegate code, String message, Object[] args)\r\n   at NUnit.Framework.Assert.Throws[TActual](TestDelegate code, String message, Object[] args)\r\n   at NUnit.Framework.Assert.Throws[TActual](TestDelegate code)\r\n   at TestProject3.PostAuthenticationStepDefinition.GivenTheTokenWithAValidValue() in D:\\trainingMojix\\proyFinalBdd\\specflow\\TestProject3\\PostAuthenticationStepDefinition.cs:line 31\r\n   at TechTalk.SpecFlow.Bindings.BindingInvoker.InvokeBinding(IBinding binding, IContextManager contextManager, Object[] arguments, ITestTracer testTracer, TimeSpan& duration)\r\n   at Allure.SpecFlowPlugin.AllureBindingInvoker.InvokeBinding(IBinding binding, IContextManager contextManager, Object[] arguments, ITestTracer testTracer, TimeSpan& duration)\r\n   at TechTalk.SpecFlow.Infrastructure.TestExecutionEngine.ExecuteStepMatch(BindingMatch match, Object[] arguments, TimeSpan& duration)\r\n   at TechTalk.SpecFlow.Infrastructure.TestExecutionEngine.ExecuteStep(IContextManager contextManager, StepInstance stepInstance)","flaky":false,"newFailed":false,"newBroken":false,"newPassed":false,"retriesCount":0,"retriesStatusChange":false,"beforeStages":[],"testStage":{"status":"failed","statusMessage":"  Expected: <System.ArgumentException>\r\n  But was:  null\r\n","statusTrace":"NUnit.Framework.AssertionException:   Expected: <System.ArgumentException>\r\n  But was:  null\r\n\r\n   at NUnit.Framework.Assert.ReportFailure(String message)\r\n   at NUnit.Framework.Assert.ReportFailure(ConstraintResult result, String message, Object[] args)\r\n   at NUnit.Framework.Assert.That[TActual](TActual actual, IResolveConstraint expression, String message, Object[] args)\r\n   at NUnit.Framework.Assert.Throws(IResolveConstraint expression, TestDelegate code, String message, Object[] args)\r\n   at NUnit.Framework.Assert.Throws(Type expectedExceptionType, TestDelegate code, String message, Object[] args)\r\n   at NUnit.Framework.Assert.Throws[TActual](TestDelegate code, String message, Object[] args)\r\n   at NUnit.Framework.Assert.Throws[TActual](TestDelegate code)\r\n   at TestProject3.PostAuthenticationStepDefinition.GivenTheTokenWithAValidValue() in D:\\trainingMojix\\proyFinalBdd\\specflow\\TestProject3\\PostAuthenticationStepDefinition.cs:line 31\r\n   at TechTalk.SpecFlow.Bindings.BindingInvoker.InvokeBinding(IBinding binding, IContextManager contextManager, Object[] arguments, ITestTracer testTracer, TimeSpan& duration)\r\n   at Allure.SpecFlowPlugin.AllureBindingInvoker.InvokeBinding(IBinding binding, IContextManager contextManager, Object[] arguments, ITestTracer testTracer, TimeSpan& duration)\r\n   at TechTalk.SpecFlow.Infrastructure.TestExecutionEngine.ExecuteStepMatch(BindingMatch match, Object[] arguments, TimeSpan& duration)\r\n   at TechTalk.SpecFlow.Infrastructure.TestExecutionEngine.ExecuteStep(IContextManager contextManager, StepInstance stepInstance)","steps":[{"name":"Given  the user password","time":{"start":1686102950518,"stop":1686102952168,"duration":1650},"status":"passed","steps":[],"attachments":[],"parameters":[],"stepsCount":0,"attachmentsCount":0,"shouldDisplayMessage":false,"hasContent":false},{"name":"And  the token with a valid value","time":{"start":1686102952169,"stop":1686102952208,"duration":39},"status":"failed","steps":[],"attachments":[],"parameters":[],"stepsCount":0,"attachmentsCount":0,"shouldDisplayMessage":false,"hasContent":false},{"name":"Then  the result status code should be 200","time":{"start":1686102952209,"stop":1686102952213,"duration":4},"status":"skipped","steps":[],"attachments":[],"parameters":[],"stepsCount":0,"attachmentsCount":0,"shouldDisplayMessage":false,"hasContent":false},{"name":"And  the user creates a new product with the following information","time":{"start":1686102952219,"stop":1686102952230,"duration":11},"status":"skipped","steps":[],"attachments":[{"uid":"a4be746e1f3ba4b5","name":"table","source":"a4be746e1f3ba4b5.csv","type":"text/csv","size":95}],"parameters":[],"stepsCount":0,"attachmentsCount":1,"shouldDisplayMessage":false,"hasContent":true},{"name":"Then  Then the result status code should be 200","time":{"start":1686102952230,"stop":1686102952230,"duration":0},"status":"skipped","steps":[],"attachments":[],"parameters":[],"stepsCount":0,"attachmentsCount":0,"shouldDisplayMessage":false,"hasContent":false},{"name":"And  The user sees the proper product information created","time":{"start":1686102952230,"stop":1686102952230,"duration":0},"status":"skipped","steps":[],"attachments":[],"parameters":[],"stepsCount":0,"attachmentsCount":0,"shouldDisplayMessage":false,"hasContent":false}],"attachments":[],"parameters":[],"stepsCount":6,"attachmentsCount":1,"shouldDisplayMessage":true,"hasContent":true},"afterStages":[],"labels":[{"name":"thread","value":"NonParallelWorker"},{"name":"host","value":"DESKTOP-QBK7PEV"},{"name":"feature","value":"CreateProductTest"},{"name":"tag","value":"positive"},{"name":"tag","value":"smoke"},{"name":"tag","value":"regression"},{"name":"tag","value":"integration"},{"name":"tag","value":"JIRA-1"},{"name":"resultFormat","value":"allure2"}],"parameters":[],"links":[],"hidden":true,"retry":true,"extra":{"categories":[],"tags":["JIRA-1","regression","smoke","integration","positive"]},"source":"94211667facbf36e.json","parameterValues":[]}