{"uid":"d8457f0076c0f96c","name":"Add a new product","fullName":"Add a new product","historyId":"Add a new product","time":{"start":1686104720957,"stop":1686104750152,"duration":29195},"status":"failed","statusMessage":"  Expected: OK\r\n  But was:  Forbidden\r\n","statusTrace":"NUnit.Framework.AssertionException:   Expected: OK\r\n  But was:  Forbidden\r\n\r\n   at NUnit.Framework.Assert.ReportFailure(String message)\r\n   at NUnit.Framework.Assert.ReportFailure(ConstraintResult result, String message, Object[] args)\r\n   at NUnit.Framework.Assert.That[TActual](TActual actual, IResolveConstraint expression, String message, Object[] args)\r\n   at NUnit.Framework.Assert.That[TActual](TActual actual, IResolveConstraint expression)\r\n   at TestProject3.ProductStepDefinition.ThenThenTheResultStatusCodeShouldBe(Int32 p0) in D:\\trainingMojix\\proyFinalBdd\\specflow\\TestProject3\\ProductStepDefinition.cs:line 39\r\n   at lambda_method29(Closure , IContextManager , Int32 )\r\n   at TechTalk.SpecFlow.Bindings.BindingInvoker.InvokeBinding(IBinding binding, IContextManager contextManager, Object[] arguments, ITestTracer testTracer, TimeSpan& duration)\r\n   at Allure.SpecFlowPlugin.AllureBindingInvoker.InvokeBinding(IBinding binding, IContextManager contextManager, Object[] arguments, ITestTracer testTracer, TimeSpan& duration)\r\n   at TechTalk.SpecFlow.Infrastructure.TestExecutionEngine.ExecuteStepMatch(BindingMatch match, Object[] arguments, TimeSpan& duration)\r\n   at TechTalk.SpecFlow.Infrastructure.TestExecutionEngine.ExecuteStep(IContextManager contextManager, StepInstance stepInstance)","flaky":false,"newFailed":false,"newBroken":false,"newPassed":false,"retriesCount":0,"retriesStatusChange":false,"beforeStages":[],"testStage":{"status":"failed","statusMessage":"  Expected: OK\r\n  But was:  Forbidden\r\n","statusTrace":"NUnit.Framework.AssertionException:   Expected: OK\r\n  But was:  Forbidden\r\n\r\n   at NUnit.Framework.Assert.ReportFailure(String message)\r\n   at NUnit.Framework.Assert.ReportFailure(ConstraintResult result, String message, Object[] args)\r\n   at NUnit.Framework.Assert.That[TActual](TActual actual, IResolveConstraint expression, String message, Object[] args)\r\n   at NUnit.Framework.Assert.That[TActual](TActual actual, IResolveConstraint expression)\r\n   at TestProject3.ProductStepDefinition.ThenThenTheResultStatusCodeShouldBe(Int32 p0) in D:\\trainingMojix\\proyFinalBdd\\specflow\\TestProject3\\ProductStepDefinition.cs:line 39\r\n   at lambda_method29(Closure , IContextManager , Int32 )\r\n   at TechTalk.SpecFlow.Bindings.BindingInvoker.InvokeBinding(IBinding binding, IContextManager contextManager, Object[] arguments, ITestTracer testTracer, TimeSpan& duration)\r\n   at Allure.SpecFlowPlugin.AllureBindingInvoker.InvokeBinding(IBinding binding, IContextManager contextManager, Object[] arguments, ITestTracer testTracer, TimeSpan& duration)\r\n   at TechTalk.SpecFlow.Infrastructure.TestExecutionEngine.ExecuteStepMatch(BindingMatch match, Object[] arguments, TimeSpan& duration)\r\n   at TechTalk.SpecFlow.Infrastructure.TestExecutionEngine.ExecuteStep(IContextManager contextManager, StepInstance stepInstance)","steps":[{"name":"Given  the user password to product","time":{"start":1686104720971,"stop":1686104722295,"duration":1324},"status":"passed","steps":[],"attachments":[],"parameters":[],"stepsCount":0,"attachmentsCount":0,"shouldDisplayMessage":false,"hasContent":false},{"name":"And  the token with a valid value to product","time":{"start":1686104722296,"stop":1686104722309,"duration":13},"status":"passed","steps":[],"attachments":[],"parameters":[],"stepsCount":0,"attachmentsCount":0,"shouldDisplayMessage":false,"hasContent":false},{"name":"Then  Then the result status code should be 200","time":{"start":1686104722309,"stop":1686104725412,"duration":3103},"status":"passed","steps":[],"attachments":[],"parameters":[],"stepsCount":0,"attachmentsCount":0,"shouldDisplayMessage":false,"hasContent":false},{"name":"And  the user creates a new product with the following information","time":{"start":1686104725420,"stop":1686104743945,"duration":18525},"status":"passed","steps":[],"attachments":[{"uid":"3fdce8fea9e223c6","name":"table","source":"3fdce8fea9e223c6.csv","type":"text/csv","size":95}],"parameters":[],"stepsCount":0,"attachmentsCount":1,"shouldDisplayMessage":false,"hasContent":true},{"name":"Then  Then the result status code should be 200","time":{"start":1686104743946,"stop":1686104749054,"duration":5108},"status":"failed","steps":[],"attachments":[],"parameters":[],"stepsCount":0,"attachmentsCount":0,"shouldDisplayMessage":false,"hasContent":false},{"name":"And  The user sees the proper product information created","time":{"start":1686104749056,"stop":1686104749057,"duration":1},"status":"skipped","steps":[],"attachments":[],"parameters":[],"stepsCount":0,"attachmentsCount":0,"shouldDisplayMessage":false,"hasContent":false}],"attachments":[],"parameters":[],"stepsCount":6,"attachmentsCount":1,"shouldDisplayMessage":true,"hasContent":true},"afterStages":[],"labels":[{"name":"thread","value":"13"},{"name":"host","value":"DESKTOP-QBK7PEV"},{"name":"feature","value":"CreateProductTest"},{"name":"tag","value":"positive"},{"name":"tag","value":"smoke"},{"name":"tag","value":"regression"},{"name":"tag","value":"integration"},{"name":"tag","value":"JIRA-1"},{"name":"resultFormat","value":"allure2"}],"parameters":[],"links":[],"hidden":true,"retry":true,"extra":{"categories":[],"tags":["JIRA-1","regression","smoke","integration","positive"]},"source":"d8457f0076c0f96c.json","parameterValues":[]}